# JRE version: Java(TM) SE Runtime Environment (22.0.2+9) (build 22.0.2+9-70)
# Java VM: Java HotSpot(TM) 64-Bit Server VM (22.0.2+9-70, mixed mode, sharing, tiered, compressed oops, compressed class ptrs, g1 gc, windows-amd64)
GC Precious Log:
 CardTable entry size: 512
 Card Set container configuration: InlinePtr #cards 4 size 8 Array Of Cards #cards 16 size 48 Howl #buckets 8 coarsen threshold 3686 Howl Bitmap #cards 512 size 80 coarsen threshold 460 Card regions per heap region 1 cards per card region 4096
 CPUs: 12 total, 12 available
 Memory: 16058M
 Large Page Support: Disabled
 NUMA Support: Disabled
 Compressed Oops: Enabled (Zero based)
 Heap Region Size: 2M
 Heap Min Capacity: 8M
 Heap Initial Capacity: 252M
 Heap Max Capacity: 4016M
 Pre-touch: Disabled
 Parallel Workers: 10
 Concurrent Workers: 3
 Concurrent Refinement Workers: 10
 Periodic GC: Disabled
Heap:
 garbage-first heap   total reserved 4112384K, committed 849920K, used 463362K [0x0000000705000000, 0x0000000800000000)
  region size 2048K, 60 young (122880K), 1 survivors (2048K)
 Metaspace       used 35268K, committed 35840K, reserved 1114112K
  class space    used 4098K, committed 4352K, reserved 1048576K
GC Heap History (20 events):
Event: 158.943 GC heap before
{Heap before GC invocations=35 (full 0):
 garbage-first heap   total reserved 4112384K, committed 188416K, used 165890K [0x0000000705000000, 0x0000000800000000)
  region size 2048K, 28 young (57344K), 4 survivors (8192K)
 Metaspace       used 34616K, committed 35392K, reserved 1114112K
  class space    used 4032K, committed 4352K, reserved 1048576K
}
Event: 158.950 GC heap after
{Heap after GC invocations=36 (full 0):
 garbage-first heap   total reserved 4112384K, committed 188416K, used 122429K [0x0000000705000000, 0x0000000800000000)
  region size 2048K, 3 young (6144K), 3 survivors (6144K)
 Metaspace       used 34616K, committed 35392K, reserved 1114112K
  class space    used 4032K, committed 4352K, reserved 1048576K
}
Event: 160.687 GC heap before
{Heap before GC invocations=37 (full 0):
 garbage-first heap   total reserved 4112384K, committed 204800K, used 171581K [0x0000000705000000, 0x0000000800000000)
  region size 2048K, 27 young (55296K), 3 survivors (6144K)
 Metaspace       used 34616K, committed 35392K, reserved 1114112K
  class space    used 4032K, committed 4352K, reserved 1048576K
}
Event: 160.692 GC heap after
{Heap after GC invocations=38 (full 0):
 garbage-first heap   total reserved 4112384K, committed 204800K, used 127529K [0x0000000705000000, 0x0000000800000000)
  region size 2048K, 3 young (6144K), 3 survivors (6144K)
 Metaspace       used 34616K, committed 35392K, reserved 1114112K
  class space    used 4032K, committed 4352K, reserved 1048576K
}
Event: 162.777 GC heap before
{Heap before GC invocations=38 (full 0):
 garbage-first heap   total reserved 4112384K, committed 204800K, used 186921K [0x0000000705000000, 0x0000000800000000)
  region size 2048K, 32 young (65536K), 3 survivors (6144K)
 Metaspace       used 34616K, committed 35392K, reserved 1114112K
  class space    used 4032K, committed 4352K, reserved 1048576K
}
Event: 162.784 GC heap after
{Heap after GC invocations=39 (full 0):
 garbage-first heap   total reserved 4112384K, committed 204800K, used 132076K [0x0000000705000000, 0x0000000800000000)
  region size 2048K, 4 young (8192K), 4 survivors (8192K)
 Metaspace       used 34616K, committed 35392K, reserved 1114112K
  class space    used 4032K, committed 4352K, reserved 1048576K
}
Event: 164.625 GC heap before
{Heap before GC invocations=39 (full 0):
 garbage-first heap   total reserved 4112384K, committed 204800K, used 183276K [0x0000000705000000, 0x0000000800000000)
  region size 2048K, 29 young (59392K), 4 survivors (8192K)
 Metaspace       used 34616K, committed 35392K, reserved 1114112K
  class space    used 4032K, committed 4352K, reserved 1048576K
}
Event: 164.632 GC heap after
{Heap after GC invocations=40 (full 0):
 garbage-first heap   total reserved 4112384K, committed 204800K, used 137815K [0x0000000705000000, 0x0000000800000000)
  region size 2048K, 3 young (6144K), 3 survivors (6144K)
 Metaspace       used 34616K, committed 35392K, reserved 1114112K
  class space    used 4032K, committed 4352K, reserved 1048576K
}
Event: 165.284 GC heap before
{Heap before GC invocations=41 (full 0):
 garbage-first heap   total reserved 4112384K, committed 233472K, used 180823K [0x0000000705000000, 0x0000000800000000)
  region size 2048K, 25 young (51200K), 3 survivors (6144K)
 Metaspace       used 35045K, committed 35648K, reserved 1114112K
  class space    used 4089K, committed 4352K, reserved 1048576K
}
Event: 165.293 GC heap after
{Heap after GC invocations=42 (full 0):
 garbage-first heap   total reserved 4112384K, committed 233472K, used 160227K [0x0000000705000000, 0x0000000800000000)
  region size 2048K, 4 young (8192K), 4 survivors (8192K)
 Metaspace       used 35045K, committed 35648K, reserved 1114112K
  class space    used 4089K, committed 4352K, reserved 1048576K
}
Event: 165.429 GC heap before
{Heap before GC invocations=42 (full 0):
 garbage-first heap   total reserved 4112384K, committed 233472K, used 205283K [0x0000000705000000, 0x0000000800000000)
  region size 2048K, 25 young (51200K), 4 survivors (8192K)
 Metaspace       used 35060K, committed 35648K, reserved 1114112K
  class space    used 4089K, committed 4352K, reserved 1048576K
}
Event: 165.443 GC heap after
{Heap after GC invocations=43 (full 0):
 garbage-first heap   total reserved 4112384K, committed 233472K, used 178469K [0x0000000705000000, 0x0000000800000000)
  region size 2048K, 4 young (8192K), 4 survivors (8192K)
 Metaspace       used 35060K, committed 35648K, reserved 1114112K
  class space    used 4089K, committed 4352K, reserved 1048576K
}
Event: 165.488 GC heap before
{Heap before GC invocations=43 (full 0):
 garbage-first heap   total reserved 4112384K, committed 233472K, used 205093K [0x0000000705000000, 0x0000000800000000)
  region size 2048K, 17 young (34816K), 4 survivors (8192K)
 Metaspace       used 35060K, committed 35648K, reserved 1114112K
  class space    used 4089K, committed 4352K, reserved 1048576K
}
Event: 165.498 GC heap after
{Heap after GC invocations=44 (full 0):
 garbage-first heap   total reserved 4112384K, committed 233472K, used 190833K [0x0000000705000000, 0x0000000800000000)
  region size 2048K, 3 young (6144K), 3 survivors (6144K)
 Metaspace       used 35060K, committed 35648K, reserved 1114112K
  class space    used 4089K, committed 4352K, reserved 1048576K
}
Event: 165.534 GC heap before
{Heap before GC invocations=44 (full 0):
 garbage-first heap   total reserved 4112384K, committed 233472K, used 207217K [0x0000000705000000, 0x0000000800000000)
  region size 2048K, 12 young (24576K), 3 survivors (6144K)
 Metaspace       used 35060K, committed 35648K, reserved 1114112K
  class space    used 4089K, committed 4352K, reserved 1048576K
}
Event: 165.543 GC heap after
{Heap after GC invocations=45 (full 0):
 garbage-first heap   total reserved 4112384K, committed 233472K, used 201451K [0x0000000705000000, 0x0000000800000000)
  region size 2048K, 2 young (4096K), 2 survivors (4096K)
 Metaspace       used 35060K, committed 35648K, reserved 1114112K
  class space    used 4089K, committed 4352K, reserved 1048576K
}
Event: 165.560 GC heap before
{Heap before GC invocations=45 (full 0):
 garbage-first heap   total reserved 4112384K, committed 233472K, used 213739K [0x0000000705000000, 0x0000000800000000)
  region size 2048K, 8 young (16384K), 2 survivors (4096K)
 Metaspace       used 35062K, committed 35648K, reserved 1114112K
  class space    used 4089K, committed 4352K, reserved 1048576K
}
Event: 165.566 GC heap after
{Heap after GC invocations=46 (full 0):
 garbage-first heap   total reserved 4112384K, committed 233472K, used 208393K [0x0000000705000000, 0x0000000800000000)
  region size 2048K, 1 young (2048K), 1 survivors (2048K)
 Metaspace       used 35062K, committed 35648K, reserved 1114112K
  class space    used 4089K, committed 4352K, reserved 1048576K
}
Event: 165.582 GC heap before
{Heap before GC invocations=47 (full 0):
 garbage-first heap   total reserved 4112384K, committed 348160K, used 216585K [0x0000000705000000, 0x0000000800000000)
  region size 2048K, 5 young (10240K), 1 survivors (2048K)
 Metaspace       used 35062K, committed 35648K, reserved 1114112K
  class space    used 4089K, committed 4352K, reserved 1048576K
}
Event: 165.588 GC heap after
{Heap after GC invocations=48 (full 0):
 garbage-first heap   total reserved 4112384K, committed 849920K, used 213506K [0x0000000705000000, 0x0000000800000000)
  region size 2048K, 1 young (2048K), 1 survivors (2048K)
 Metaspace       used 35062K, committed 35648K, reserved 1114112K
  class space    used 4089K, committed 4352K, reserved 1048576K
}

